<?xml version="1.0" encoding="UTF-8"?>
<testsuite xmlns:xsi="http://www.w3.org/2001/XMLSchema-instance" xsi:schemaLocation="https://maven.apache.org/surefire/maven-surefire-plugin/xsd/surefire-test-report.xsd" name="HeroClasses.RangerTest" time="0.016" tests="22" errors="0" skipped="0" failures="0">
  <properties>
[...]
</properties>
  <testcase name="rangerEquip_validArmorEquip_itemToBeEquipped" classname="HeroClasses.RangerTest" time="0.001"/>
  <testcase name="rangerEquip_validWeaponEquip_itemToBeEquipped" classname="HeroClasses.RangerTest" time="0"/>
  <testcase name="rangerSetName_validName_shouldGiveRangerName" classname="HeroClasses.RangerTest" time="0"/>
  <testcase name="rangerEquip_invalidArmorLevel_ExceptionToBeThrown" classname="HeroClasses.RangerTest" time="0"/>
  <testcase name="rangerEquip_invalidWeaponType_ExceptionToBeThrown" classname="HeroClasses.RangerTest" time="0.001"/>
  <testcase name="rangerDisplay_rangerHeroDisplayWithArmour_displayAllStats" classname="HeroClasses.RangerTest" time="0.001"/>
  <testcase name="rangerEquip_invalidArmorType_ExceptionToBeThrown" classname="HeroClasses.RangerTest" time="0"/>
  <testcase name="createRanger_levelInitialization_rangerTooStartWithLevel1" classname="HeroClasses.RangerTest" time="0"/>
  <testcase name="rangerTotalAttributes_replacePieceOfArmour_totalAttributesToBeAdded" classname="HeroClasses.RangerTest" time="0"/>
  <testcase name="rangerEquip_invalidWeaponLevel_ExceptionToBeThrown" classname="HeroClasses.RangerTest" time="0.001"/>
  <testcase name="rangerDamage_equipWeaponAndArmour_totalDamageToBeCorrect" classname="HeroClasses.RangerTest" time="0"/>
  <testcase name="rangerLevelUp_attributeUpgrade_attributesToUpgradeForRanger" classname="HeroClasses.RangerTest" time="0.001"/>
  <testcase name="createRanger_statInitialization_rangerTooStartWithCorrectAttributes" classname="HeroClasses.RangerTest" time="0"/>
  <testcase name="rangerTotalAttributes_twoPiecesOfArmour_totalAttributesToBeAdded" classname="HeroClasses.RangerTest" time="0"/>
  <testcase name="rangerDamage_damageWithWeapon_totalDamageToBeCorrect" classname="HeroClasses.RangerTest" time="0"/>
  <testcase name="rangerTotalAttributes_noEquipment_totalAttributesToBeAdded" classname="HeroClasses.RangerTest" time="0"/>
  <testcase name="rangerDamage_damageWithoutWeapon_totalDamageToBeAdded" classname="HeroClasses.RangerTest" time="0.001"/>
  <testcase name="rangerDisplay_rangerHeroDisplay_displayAllStats" classname="HeroClasses.RangerTest" time="0"/>
  <testcase name="rangerSetName_tooShortName_throwErrorNameTooShort" classname="HeroClasses.RangerTest" time="0"/>
  <testcase name="rangerTotalAttributes_onePieceOfArmour_totalAttributesToBeAdded" classname="HeroClasses.RangerTest" time="0"/>
  <testcase name="rangerLevelUp_levelIncreased_levelToBeIncreasedBy1" classname="HeroClasses.RangerTest" time="0"/>
  <testcase name="rangerDamage_equipNewWeapon_totalDamageBeUnaltered" classname="HeroClasses.RangerTest" time="0.001"/>
</testsuite>